<?xml version="1.0" encoding="UTF-8"?>
<!-- Generated by org.testng.reporters.JUnitReportReporter -->
<testsuite hostname="LAPTOP-AEFKL3A9" failures="0" tests="1" name="Scripts.TestCase1" time="16.626" errors="0" timestamp="2023-09-06T11:17:51 IST" skipped="0">
  <testcase classname="Scripts.TestCase1" name="tc1" time="16.626"/>
</testsuite> <!-- Scripts.TestCase1 -->
